<?xml version="1.0" encoding="UTF-8"?>
<testng-results ignored="0" total="1" passed="1" failed="0" skipped="0">
  <reporter-output>
    <line>
      <![CDATA[Supplier-00000001454    Supplier-00000001454]]>
    </line>
  </reporter-output>
  <suite started-at="2024-02-20T16:43:24 IST" name="Default suite" finished-at="2024-02-20T16:43:56 IST" duration-ms="32312">
    <groups>
    </groups>
    <test started-at="2024-02-20T16:43:24 IST" name="Default test" finished-at="2024-02-20T16:43:56 IST" duration-ms="32312">
      <class name="driverfactory.AppTest">
        <test-method signature="kickstart()[pri:0, instance:driverfactory.AppTest@3f6b0be5]" started-at="2024-02-20T16:43:24 IST" name="kickstart" finished-at="2024-02-20T16:43:56 IST" duration-ms="32253" status="PASS">
          <reporter-output>
            <line>
              <![CDATA[Supplier-00000001454    Supplier-00000001454]]>
            </line>
          </reporter-output>
        </test-method> <!-- kickstart -->
      </class> <!-- driverfactory.AppTest -->
    </test> <!-- Default test -->
  </suite> <!-- Default suite -->
</testng-results>
